<?xml version="1.0" encoding="UTF-8"?>
<testng-results ignored="0" total="1" passed="1" failed="0" skipped="0">
  <reporter-output>
    <line>
      <![CDATA[customer Add Success::Customer-00000010316Customer-00000010316]]>
    </line>
    <line>
      <![CDATA[customer Add Success::Customer-00000010317Customer-00000010317]]>
    </line>
    <line>
      <![CDATA[customer Add Success::Customer-00000010318Customer-00000010318]]>
    </line>
    <line>
      <![CDATA[customer Add Success::Customer-00000010319Customer-00000010319]]>
    </line>
  </reporter-output>
  <suite started-at="2024-09-10T10:30:58Z" name="Default suite" finished-at="2024-09-10T10:32:08Z" duration-ms="69601">
    <groups>
    </groups>
    <test started-at="2024-09-10T10:30:58Z" name="Default test" finished-at="2024-09-10T10:32:08Z" duration-ms="69601">
      <class name="driverFactory.Customertest">
        <test-method is-config="true" signature="setUp()[pri:0, instance:driverFactory.Customertest@6af9fcb2]" started-at="2024-09-10T10:30:58Z" name="setUp" finished-at="2024-09-10T10:31:02Z" duration-ms="4145" status="PASS">
          <reporter-output>
          </reporter-output>
        </test-method> <!-- setUp -->
        <test-method signature="startTest()[pri:0, instance:driverFactory.Customertest@6af9fcb2]" started-at="2024-09-10T10:31:02Z" name="startTest" finished-at="2024-09-10T10:32:06Z" duration-ms="63963" status="PASS">
          <reporter-output>
            <line>
              <![CDATA[customer Add Success::Customer-00000010316Customer-00000010316]]>
            </line>
            <line>
              <![CDATA[customer Add Success::Customer-00000010317Customer-00000010317]]>
            </line>
            <line>
              <![CDATA[customer Add Success::Customer-00000010318Customer-00000010318]]>
            </line>
            <line>
              <![CDATA[customer Add Success::Customer-00000010319Customer-00000010319]]>
            </line>
          </reporter-output>
        </test-method> <!-- startTest -->
        <test-method is-config="true" signature="logout()[pri:0, instance:driverFactory.Customertest@6af9fcb2]" started-at="2024-09-10T10:32:07Z" name="logout" finished-at="2024-09-10T10:32:08Z" duration-ms="1314" status="PASS">
          <reporter-output>
          </reporter-output>
        </test-method> <!-- logout -->
      </class> <!-- driverFactory.Customertest -->
    </test> <!-- Default test -->
  </suite> <!-- Default suite -->
</testng-results>
